        -:    0:Source:randomtestcard2o.c
        -:    0:Graph:randomtestcard2o.gcno
        -:    0:Data:randomtestcard2o.gcda
        -:    0:Runs:1
        -:    0:Programs:1
        -:    1:/* 
        -:    2: * File: randomtestcard2.c
        -:    3: * Description: A random test generator for the great hall card. Original
        -:    4: */
        -:    5:
        -:    6:#include "dominion.h"
        -:    7:#include "dominion_helpers.h"
        -:    8:#include "rngs.h"
        -:    9:#include <stdio.h>
        -:   10:#include <stdlib.h>
        -:   11:#include <string.h>
        -:   12:#include <time.h>
        -:   13:#include <assert.h>
        -:   14:
        -:   15:
function main called 1 returned 100% blocks executed 93%
        1:   16:int main () {
        -:   17:
        -:   18:   struct gameState g;
        -:   19:
        1:   20:   int seed = 1000;
        1:   21:   int numTestsPassed = 0, passedAllTestsFlag = 0;
        1:   22:   int numPlayers = 2, currPlayer = 0;
        -:   23:   int deckSize, handSize, startHand, currHand, startNumActions, currNumActions;
        1:   24:   int failedHandCount = 0, failedActionsCount = 0;
        1:   25:   int i = 0;
        1:   26:   int choice1 = 0, choice2 = 0, choice3 = 0, handPos = 0, bonus = 0;
        -:   27:
        1:   28:   int allowedCards[10] = {adventurer, embargo, village, minion, mine, cutpurse, sea_hag, tribute, smithy, council_room};
        -:   29:
        1:   30:   srand(time(NULL));
call    0 returned 100%
call    1 returned 100%
        -:   31:
        -:   32:
   123457:   33:   for (i = 0; i < 123456; i++) {
branch  0 taken 99%
branch  1 taken 1% (fallthrough)
        -:   34:
        -:   35:      //randomly intialize the game state. then make sure the needed variables are sane.
   123456:   36:      initializeGame(numPlayers, allowedCards, seed, &g);
call    0 returned 100%
        -:   37:
   123456:   38:      deckSize = rand() % (MAX_DECK + 1);
call    0 returned 100%
   123456:   39:      handSize = rand() % (deckSize + 1);
call    0 returned 100%
        -:   40:
   123456:   41:      g.deckCount[0] = deckSize - handSize;
   123456:   42:      g.handCount[0] = handSize;
   123456:   43:      g.numActions = rand() % 10;
call    0 returned 100%
   123456:   44:      handPos = g.hand[currPlayer][g.handCount[currPlayer]-1];
        -:   45:
        -:   46:
        -:   47:      //Note the current state before playing the card
   123456:   48:      startHand = g.handCount[0];
   123456:   49:      startNumActions = g.numActions;
        -:   50:
        -:   51:
        -:   52:      //Play the card
   123456:   53:      cardEffect(great_hall, choice1, choice2, choice3, &g, handPos, &bonus);
call    0 returned 100%
        -:   54:
        -:   55:
        -:   56:      //Note the state after playing the card
   123456:   57:      currHand = g.handCount[0];
   123456:   58:      currNumActions = g.numActions;
        -:   59:
        -:   60:
        -:   61:      //NOW... the moment of reckoning... the tests
   123456:   62:      passedAllTestsFlag = 1;
        -:   63:
   123456:   64:      printf("Testing Great Hall card...\n");
call    0 returned 100%
        -:   65:
   123456:   66:      if (currHand != startHand) {
branch  0 taken 1% (fallthrough)
branch  1 taken 99%
     1681:   67:	 printf("\tCards drawn - FAIL\n");
call    0 returned 100%
     1681:   68:	 failedHandCount++;
     1681:   69:	 passedAllTestsFlag = 0;
        -:   70:      }
        -:   71:      else {
   121775:   72:	 printf("\tCards drawn - PASS\n");
call    0 returned 100%
        -:   73:      }
        -:   74:
   123456:   75:      if (currNumActions != startNumActions + 1) {
branch  0 taken 0% (fallthrough)
branch  1 taken 100%
    #####:   76:	 printf("\tActions - FAIL\n");
call    0 never executed
    #####:   77:	 failedActionsCount++;
    #####:   78:	 passedAllTestsFlag = 0;
        -:   79:      }
        -:   80:      else {
   123456:   81:	 printf("\tActions - PASS\n");
call    0 returned 100%
        -:   82:      }
        -:   83:
        -:   84:
   123456:   85:      if (passedAllTestsFlag == 1) {
branch  0 taken 99% (fallthrough)
branch  1 taken 1%
   121775:   86:	 printf("All tests passed!!\n");
call    0 returned 100%
   121775:   87:	 numTestsPassed++;
        -:   88:      }
        -:   89:
        -:   90:   }
        -:   91:
        -:   92:
        1:   93:   printf("Great Hall tests summary:\n");
call    0 returned 100%
        1:   94:   printf("\tPASSED: %d\n", numTestsPassed);
call    0 returned 100%
        1:   95:   printf("\tFAILED (hand): %d\n", failedHandCount);
call    0 returned 100%
        1:   96:   printf("\tFAILED (actions): %d\n\n", failedActionsCount);
call    0 returned 100%
        -:   97:
        -:   98:
        -:   99:
        1:  100:   return 0;
        -:  101:
        -:  102:}
