        -:    0:Source:randomtestcard2.c
        -:    0:Graph:randomtestcard2.gcno
        -:    0:Data:randomtestcard2.gcda
        -:    0:Runs:1
        -:    0:Programs:1
        -:    1:/* Riam Sangdoung
        -:    2: * Great Hall: randomtestcard2.c improved to obtain 100% statement and branch coverage
        -:    3: */
        -:    4:
        -:    5:#include "dominion.h"
        -:    6:#include "dominion_helpers.h"
        -:    7:#include "rngs.h"
        -:    8:#include <stdio.h>
        -:    9:#include <stdlib.h>
        -:   10:#include <string.h>
        -:   11:#include <time.h>
        -:   12:#include <assert.h>
        -:   13:
        -:   14:
function main called 1 returned 100% blocks executed 100%
        1:   15:int main () {
        -:   16:
        -:   17:   struct gameState g;
        -:   18:
        1:   19:   int seed = 1000;
        1:   20:   int numTestsPassed = 0, passedAllTestsFlag = 0;
        1:   21:   int numPlayers = 2, currPlayer = 0;
        -:   22:   int deckSize, handSize, startHand, currHand, startNumActions, currNumActions;
        1:   23:   int failedHandCount = 0, failedActionsCount = 0;
        1:   24:   int i = 0;
        1:   25:   int choice1 = 0, choice2 = 0, choice3 = 0, handPos = 0, bonus = 0;
        1:   26:   int allowedCards[10] = {adventurer, embargo, village, minion, mine, cutpurse, sea_hag, tribute, smithy, council_room};
        -:   27:
        1:   28:   srand(time(NULL));
call    0 returned 100%
call    1 returned 100%
        -:   29:
        -:   30:
   123457:   31:   for (i = 0; i < 123456; i++) {
branch  0 taken 99%
branch  1 taken 1% (fallthrough)
        -:   32:
        -:   33:// Randomly intialized the "sane" game state
   123456:   34:      initializeGame(numPlayers, allowedCards, seed, &g);
call    0 returned 100%
        -:   35:
   123456:   36:      deckSize = rand() % (MAX_DECK + 1);
call    0 returned 100%
   123456:   37:      handSize = rand() % (deckSize + 1);
call    0 returned 100%
        -:   38:
   123456:   39:      g.deckCount[0] = deckSize - handSize;
   123456:   40:      g.handCount[0] = handSize;
   123456:   41:      g.numActions = rand() % 10;
call    0 returned 100%
   123456:   42:      handPos = g.hand[currPlayer][g.handCount[currPlayer]-1];
        -:   43:
        -:   44:
        -:   45:// Current state before playing the card
   123456:   46:      startHand = g.handCount[0];
   123456:   47:      startNumActions = g.numActions;
        -:   48:
        -:   49:
        -:   50://Play card
   123456:   51:      cardEffect(great_hall, choice1, choice2, choice3, &g, handPos, &bonus);
call    0 returned 100%
        -:   52:
        -:   53:
        -:   54:// State after playing card
   123456:   55:      currHand = g.handCount[0];
   123456:   56:      currNumActions = g.numActions;
   123456:   57:      if (rand() % 100 == 1) {	//Test for an intentionally bad condition
call    0 returned 100%
branch  1 taken 1% (fallthrough)
branch  2 taken 99%
     1247:   58:	 currNumActions += 1;
        -:   59:      }
        -:   60:
        -:   61:// Pass or Fail determination tests
   123456:   62:      passedAllTestsFlag = 1;
        -:   63:
   123456:   64:      printf("Testing Great Hall card...\n");
call    0 returned 100%
        -:   65:
   123456:   66:      if (currHand != startHand) {
branch  0 taken 1% (fallthrough)
branch  1 taken 99%
     1636:   67:	 printf("\tCards drawn - FAIL\n");
call    0 returned 100%
     1636:   68:	 failedHandCount++;
     1636:   69:	 passedAllTestsFlag = 0;
        -:   70:      }
        -:   71:      else {
   121820:   72:	 printf("\tCards drawn - PASS\n");
call    0 returned 100%
        -:   73:      }
        -:   74:
   123456:   75:      if (currNumActions != startNumActions + 1) {
branch  0 taken 1% (fallthrough)
branch  1 taken 99%
     1247:   76:	 printf("\tActions - FAIL\n");
call    0 returned 100%
     1247:   77:	 failedActionsCount++;
     1247:   78:	 passedAllTestsFlag = 0;
        -:   79:      }
        -:   80:      else {
   122209:   81:	 printf("\tActions - PASS\n");
call    0 returned 100%
        -:   82:      }
        -:   83:
        -:   84:
   123456:   85:      if (passedAllTestsFlag == 1) {
branch  0 taken 98% (fallthrough)
branch  1 taken 2%
   120588:   86:	 printf("All tests passed!!\n");
call    0 returned 100%
   120588:   87:	 numTestsPassed++;
        -:   88:      }
        -:   89:
        -:   90:   }
        -:   91:
        -:   92:
        1:   93:   printf("Great Hall tests summary:\n");
call    0 returned 100%
        1:   94:   printf("\tPASSED: %d\n", numTestsPassed);
call    0 returned 100%
        1:   95:   printf("\tFAILED (hand): %d\n", failedHandCount);
call    0 returned 100%
        1:   96:   printf("\tFAILED (actions): %d\n\n", failedActionsCount);
call    0 returned 100%
        -:   97:
        1:   98:   return 0;
        -:   99:
        -:  100:}
