        -:    0:Source:dominion.c
        -:    0:Graph:dominion.gcno
        -:    0:Data:dominion.gcda
        -:    0:Runs:10
        -:    0:Programs:10
        -:    1://Assignment 5 bug report on Chris M's
        -:    2:
        -:    3:#include "dominion.h"
        -:    4:#include "dominion_helpers.h"
        -:    5:#include "rngs.h"
        -:    6:#include <stdio.h>
        -:    7:#include <math.h>
        -:    8:#include <stdlib.h>
        -:    9:
function compare called 7408077 returned 100% blocks executed 100%
  7408077:   10:int compare(const void* a, const void* b) {
  7408077:   11:  if (*(int*)a > *(int*)b)
branch  0 taken 1% (fallthrough)
branch  1 taken 99%
      122:   12:    return 1;
  7407955:   13:  if (*(int*)a < *(int*)b)
branch  0 taken 27% (fallthrough)
branch  1 taken 73%
  1975423:   14:    return -1;
  5432532:   15:  return 0;
        -:   16:}
        -:   17:
function newGame called 0 returned 0% blocks executed 0%
    #####:   18:struct gameState* newGame() {
    #####:   19:  struct gameState* g = malloc(sizeof(struct gameState));
    #####:   20:  return g;
        -:   21:}
        -:   22:
function kingdomCards called 0 returned 0% blocks executed 0%
    #####:   23:int* kingdomCards(int k1, int k2, int k3, int k4, int k5, int k6, int k7,
        -:   24:		  int k8, int k9, int k10) {
    #####:   25:  int* k = malloc(10 * sizeof(int));
    #####:   26:  k[0] = k1;
    #####:   27:  k[1] = k2;
    #####:   28:  k[2] = k3;
    #####:   29:  k[3] = k4;
    #####:   30:  k[4] = k5;
    #####:   31:  k[5] = k6;
    #####:   32:  k[6] = k7;
    #####:   33:  k[7] = k8;
    #####:   34:  k[8] = k9;
    #####:   35:  k[9] = k10;
    #####:   36:  return k;
        -:   37:}
        -:   38:
function initializeGame called 246923 returned 100% blocks executed 94%
   246923:   39:int initializeGame(int numPlayers, int kingdomCards[10], int randomSeed,
        -:   40:		   struct gameState *state) {
        -:   41:
        -:   42:  int i;
        -:   43:  int j;
        -:   44:  int it;
        -:   45:  //set up random number generator
   246923:   46:  SelectStream(1);
call    0 returned 100%
   246923:   47:  PutSeed((long)randomSeed);
call    0 returned 100%
        -:   48:
        -:   49:  //check number of players
   246923:   50:  if (numPlayers > MAX_PLAYERS || numPlayers < 2)
branch  0 taken 100% (fallthrough)
branch  1 taken 0%
branch  2 taken 0% (fallthrough)
branch  3 taken 100%
        -:   51:    {
    #####:   52:      return -1;
        -:   53:    }
        -:   54:
        -:   55:  //set number of players
   246923:   56:  state->numPlayers = numPlayers;
        -:   57:
        -:   58:  //check selected kingdom cards are different
  2716153:   59:  for (i = 0; i < 10; i++)
branch  0 taken 91%
branch  1 taken 9% (fallthrough)
        -:   60:    {
 27161530:   61:      for (j = 0; j < 10; j++)
branch  0 taken 91%
branch  1 taken 9% (fallthrough)
        -:   62:        {
 24692300:   63:	  if (j != i && kingdomCards[j] == kingdomCards[i])
branch  0 taken 90% (fallthrough)
branch  1 taken 10%
branch  2 taken 0% (fallthrough)
branch  3 taken 100%
        -:   64:	    {
    #####:   65:	      return -1;
        -:   66:	    }
        -:   67:        }
        -:   68:    }
        -:   69:
        -:   70:
        -:   71:  //initialize supply
        -:   72:  ///////////////////////////////
        -:   73:
        -:   74:  //set number of Curse cards
   246923:   75:  if (numPlayers == 2)
branch  0 taken 99% (fallthrough)
branch  1 taken 1%
        -:   76:    {
   246918:   77:      state->supplyCount[curse] = 10;
        -:   78:    }
        5:   79:  else if (numPlayers == 3)
branch  0 taken 100% (fallthrough)
branch  1 taken 0%
        -:   80:    {
        5:   81:      state->supplyCount[curse] = 20;
        -:   82:    }
        -:   83:  else
        -:   84:    {
    #####:   85:      state->supplyCount[curse] = 30;
        -:   86:    }
        -:   87:
        -:   88:  //set number of Victory cards
   246923:   89:  if (numPlayers == 2)
branch  0 taken 99% (fallthrough)
branch  1 taken 1%
        -:   90:    {
   246918:   91:      state->supplyCount[estate] = 8;
   246918:   92:      state->supplyCount[duchy] = 8;
   246918:   93:      state->supplyCount[province] = 8;
        -:   94:    }
        -:   95:  else
        -:   96:    {
        5:   97:      state->supplyCount[estate] = 12;
        5:   98:      state->supplyCount[duchy] = 12;
        5:   99:      state->supplyCount[province] = 12;
        -:  100:    }
        -:  101:
        -:  102:  //set number of Treasure cards
   246923:  103:  state->supplyCount[copper] = 60 - (7 * numPlayers);
   246923:  104:  state->supplyCount[silver] = 40;
   246923:  105:  state->supplyCount[gold] = 30;
        -:  106:
        -:  107:  //set number of Kingdom cards
  5185383:  108:  for (i = adventurer; i <= treasure_map; i++)       	//loop all cards
branch  0 taken 95%
branch  1 taken 5% (fallthrough)
        -:  109:    {
 40742295:  110:      for (j = 0; j < 10; j++)           		//loop chosen cards
branch  0 taken 94%
branch  1 taken 6% (fallthrough)
        -:  111:	{
 38273065:  112:	  if (kingdomCards[j] == i)
branch  0 taken 6% (fallthrough)
branch  1 taken 94%
        -:  113:	    {
        -:  114:	      //check if card is a 'Victory' Kingdom card
  2469230:  115:	      if (kingdomCards[j] == great_hall || kingdomCards[j] == gardens)
branch  0 taken 99% (fallthrough)
branch  1 taken 1%
branch  2 taken 1% (fallthrough)
branch  3 taken 99%
        -:  116:		{
       28:  117:		  if (numPlayers == 2){
branch  0 taken 29% (fallthrough)
branch  1 taken 71%
        4:  118:		    state->supplyCount[i] = 8;
        -:  119:		  }
       10:  120:		  else{ state->supplyCount[i] = 12; }
        -:  121:		}
        -:  122:	      else
        -:  123:		{
  2469216:  124:		  state->supplyCount[i] = 10;
        -:  125:		}
  2469230:  126:	      break;
        -:  127:	    }
        -:  128:	  else    //card is not in the set choosen for the game
        -:  129:	    {
 35803835:  130:	      state->supplyCount[i] = -1;
        -:  131:	    }
        -:  132:	}
        -:  133:
        -:  134:    }
        -:  135:
        -:  136:  ////////////////////////
        -:  137:  //supply intilization complete
        -:  138:
        -:  139:  //set player decks
   740774:  140:  for (i = 0; i < numPlayers; i++)
branch  0 taken 67%
branch  1 taken 33% (fallthrough)
        -:  141:    {
   493851:  142:      state->deckCount[i] = 0;
  1975404:  143:      for (j = 0; j < 3; j++)
branch  0 taken 75%
branch  1 taken 25% (fallthrough)
        -:  144:	{
  1481553:  145:	  state->deck[i][j] = estate;
  1481553:  146:	  state->deckCount[i]++;
        -:  147:	}
  3950808:  148:      for (j = 3; j < 10; j++)
branch  0 taken 88%
branch  1 taken 13% (fallthrough)
        -:  149:	{
  3456957:  150:	  state->deck[i][j] = copper;
  3456957:  151:	  state->deckCount[i]++;
        -:  152:	}
        -:  153:    }
        -:  154:
        -:  155:  //shuffle player decks
   740774:  156:  for (i = 0; i < numPlayers; i++)
branch  0 taken 67%
branch  1 taken 33% (fallthrough)
        -:  157:    {
   493851:  158:      if ( shuffle(i, state) < 0 )
call    0 returned 100%
branch  1 taken 0% (fallthrough)
branch  2 taken 100%
        -:  159:	{
    #####:  160:	  return -1;
        -:  161:	}
        -:  162:    }
        -:  163:
        -:  164:  //draw player hands
   740774:  165:  for (i = 0; i < numPlayers; i++)
branch  0 taken 67%
branch  1 taken 33% (fallthrough)
        -:  166:    {
        -:  167:      //initialize hand size to zero
   493851:  168:      state->handCount[i] = 0;
   493851:  169:      state->discardCount[i] = 0;
        -:  170:      //draw 5 cards
        -:  171:      // for (j = 0; j < 5; j++)
        -:  172:      //	{
        -:  173:      //	  drawCard(i, state);
        -:  174:      //	}
        -:  175:    }
        -:  176:
        -:  177:  //set embargo tokens to 0 for all supply piles
  6913844:  178:  for (i = 0; i <= treasure_map; i++)
branch  0 taken 96%
branch  1 taken 4% (fallthrough)
        -:  179:    {
  6666921:  180:      state->embargoTokens[i] = 0;
        -:  181:    }
        -:  182:
        -:  183:  //initialize first player's turn
   246923:  184:  state->outpostPlayed = 0;
   246923:  185:  state->phase = 0;
   246923:  186:  state->numActions = 1;
   246923:  187:  state->numBuys = 1;
   246923:  188:  state->playedCardCount = 0;
   246923:  189:  state->whoseTurn = 0;
   246923:  190:  state->handCount[state->whoseTurn] = 0;
        -:  191:  //int it; move to top
        -:  192:
        -:  193:  //Moved draw cards to here, only drawing at the start of a turn
  1481538:  194:  for (it = 0; it < 5; it++){
branch  0 taken 83%
branch  1 taken 17% (fallthrough)
  1234615:  195:    drawCard(state->whoseTurn, state);
call    0 returned 100%
        -:  196:  }
        -:  197:
   246923:  198:  updateCoins(state->whoseTurn, state, 0);
call    0 returned 100%
        -:  199:
   246923:  200:  return 0;
        -:  201:}
        -:  202:
function shuffle called 513486 returned 100% blocks executed 100%
   513486:  203:int shuffle(int player, struct gameState *state) {
        -:  204:
        -:  205:
        -:  206:  int newDeck[MAX_DECK];
   513486:  207:  int newDeckPos = 0;
        -:  208:  int card;
        -:  209:  int i;
        -:  210:
   513486:  211:  if (state->deckCount[player] < 1)
branch  0 taken 4% (fallthrough)
branch  1 taken 96%
    19628:  212:    return -1;
   493858:  213:  qsort ((void*)(state->deck[player]), state->deckCount[player], sizeof(int), compare);
call    0 returned 100%
        -:  214:  /* SORT CARDS IN DECK TO ENSURE DETERMINISM! */
        -:  215:
  5926343:  216:  while (state->deckCount[player] > 0) {
branch  0 taken 91%
branch  1 taken 9% (fallthrough)
  4938627:  217:    card = floor(Random() * state->deckCount[player]);
call    0 returned 100%
  4938627:  218:    newDeck[newDeckPos] = state->deck[player][card];
  4938627:  219:    newDeckPos++;
 17285467:  220:    for (i = card; i < state->deckCount[player]-1; i++) {
branch  0 taken 71%
branch  1 taken 29% (fallthrough)
 12346840:  221:      state->deck[player][i] = state->deck[player][i+1];
        -:  222:    }
  4938627:  223:    state->deckCount[player]--;
        -:  224:  }
  5432485:  225:  for (i = 0; i < newDeckPos; i++) {
branch  0 taken 91%
branch  1 taken 9% (fallthrough)
  4938627:  226:    state->deck[player][i] = newDeck[i];
  4938627:  227:    state->deckCount[player]++;
        -:  228:  }
        -:  229:
   493858:  230:  return 0;
        -:  231:}
        -:  232:
function playCard called 0 returned 0% blocks executed 0%
    #####:  233:int playCard(int handPos, int choice1, int choice2, int choice3, struct gameState *state)
        -:  234:{
        -:  235:  int card;
    #####:  236:  int coin_bonus = 0; 		//tracks coins gain from actions
        -:  237:
        -:  238:  //check if it is the right phase
    #####:  239:  if (state->phase != 0)
branch  0 never executed
branch  1 never executed
        -:  240:    {
    #####:  241:      return -1;
        -:  242:    }
        -:  243:
        -:  244:  //check if player has enough actions
    #####:  245:  if ( state->numActions < 1 )
branch  0 never executed
branch  1 never executed
        -:  246:    {
    #####:  247:      return -1;
        -:  248:    }
        -:  249:
        -:  250:  //get card played
    #####:  251:  card = handCard(handPos, state);
call    0 never executed
        -:  252:
        -:  253:  //check if selected card is an action
    #####:  254:  if ( card < adventurer || card > treasure_map )
branch  0 never executed
branch  1 never executed
branch  2 never executed
branch  3 never executed
        -:  255:    {
    #####:  256:      return -1;
        -:  257:    }
        -:  258:
        -:  259:  //play card
    #####:  260:  if ( cardEffect(card, choice1, choice2, choice3, state, handPos, &coin_bonus) < 0 )
call    0 never executed
branch  1 never executed
branch  2 never executed
        -:  261:    {
    #####:  262:      return -1;
        -:  263:    }
        -:  264:
        -:  265:  //reduce number of actions
    #####:  266:  state->numActions--;
        -:  267:
        -:  268:  //update coins (Treasure cards may be added with card draws)
    #####:  269:  updateCoins(state->whoseTurn, state, coin_bonus);
call    0 never executed
        -:  270:
    #####:  271:  return 0;
        -:  272:}
        -:  273:
function buyCard called 0 returned 0% blocks executed 0%
    #####:  274:int buyCard(int supplyPos, struct gameState *state) {
        -:  275:  int who;
        -:  276:  if (DEBUG){
        -:  277:    printf("Entering buyCard...\n");
        -:  278:  }
        -:  279:
        -:  280:  // I don't know what to do about the phase thing.
        -:  281:
    #####:  282:  who = state->whoseTurn;
        -:  283:
    #####:  284:  if (state->numBuys < 1){
branch  0 never executed
branch  1 never executed
        -:  285:    if (DEBUG)
        -:  286:      printf("You do not have any buys left\n");
    #####:  287:    return -1;
    #####:  288:  } else if (supplyCount(supplyPos, state) <1){
call    0 never executed
branch  1 never executed
branch  2 never executed
        -:  289:    if (DEBUG)
        -:  290:      printf("There are not any of that type of card left\n");
    #####:  291:    return -1;
    #####:  292:  } else if (state->coins < getCost(supplyPos)){
call    0 never executed
branch  1 never executed
branch  2 never executed
        -:  293:    if (DEBUG)
        -:  294:      printf("You do not have enough money to buy that. You have %d coins.\n", state->coins);
    #####:  295:    return -1;
        -:  296:  } else {
    #####:  297:    state->phase=1;
        -:  298:    //state->supplyCount[supplyPos]--;
    #####:  299:    gainCard(supplyPos, state, 0, who); //card goes in discard, this might be wrong.. (2 means goes into hand, 0 goes into discard)
call    0 never executed
        -:  300:
    #####:  301:    state->coins = (state->coins) - (getCost(supplyPos));
call    0 never executed
    #####:  302:    state->numBuys--;
        -:  303:    if (DEBUG)
        -:  304:      printf("You bought card number %d for %d coins. You now have %d buys and %d coins.\n", supplyPos, getCost(supplyPos), state->numBuys, state->coins);
        -:  305:  }
        -:  306:
        -:  307:  //state->discard[who][state->discardCount[who]] = supplyPos;
        -:  308:  //state->discardCount[who]++;
        -:  309:
    #####:  310:  return 0;
        -:  311:}
        -:  312:
function numHandCards called 0 returned 0% blocks executed 0%
    #####:  313:int numHandCards(struct gameState *state) {
    #####:  314:  return state->handCount[ whoseTurn(state) ];
call    0 never executed
        -:  315:}
        -:  316:
function handCard called 0 returned 0% blocks executed 0%
    #####:  317:int handCard(int handPos, struct gameState *state) {
    #####:  318:  int currentPlayer = whoseTurn(state);
call    0 never executed
    #####:  319:  return state->hand[currentPlayer][handPos];
        -:  320:}
        -:  321:
function supplyCount called 0 returned 0% blocks executed 0%
    #####:  322:int supplyCount(int card, struct gameState *state) {
    #####:  323:  return state->supplyCount[card];
        -:  324:}
        -:  325:
function fullDeckCount called 0 returned 0% blocks executed 0%
    #####:  326:int fullDeckCount(int player, int card, struct gameState *state) {
        -:  327:  int i;
    #####:  328:  int count = 0;
        -:  329:
    #####:  330:  for (i = 0; i < state->deckCount[player]; i++)
branch  0 never executed
branch  1 never executed
        -:  331:    {
    #####:  332:      if (state->deck[player][i] == card) count++;
branch  0 never executed
branch  1 never executed
        -:  333:    }
        -:  334:
    #####:  335:  for (i = 0; i < state->handCount[player]; i++)
branch  0 never executed
branch  1 never executed
        -:  336:    {
    #####:  337:      if (state->hand[player][i] == card) count++;
branch  0 never executed
branch  1 never executed
        -:  338:    }
        -:  339:
    #####:  340:  for (i = 0; i < state->discardCount[player]; i++)
branch  0 never executed
branch  1 never executed
        -:  341:    {
    #####:  342:      if (state->discard[player][i] == card) count++;
branch  0 never executed
branch  1 never executed
        -:  343:    }
        -:  344:
    #####:  345:  return count;
        -:  346:}
        -:  347:
function whoseTurn called 246924 returned 100% blocks executed 100%
   246924:  348:int whoseTurn(struct gameState *state) {
   246924:  349:  return state->whoseTurn;
        -:  350:}
        -:  351:
function endTurn called 1 returned 100% blocks executed 93%
        1:  352:int endTurn(struct gameState *state) {
        -:  353:  int k;
        -:  354:  int i;
        1:  355:  int currentPlayer = whoseTurn(state);
call    0 returned 100%
        -:  356:
        -:  357:  //Discard hand
        6:  358:  for (i = 0; i < state->handCount[currentPlayer]; i++){
branch  0 taken 83%
branch  1 taken 17% (fallthrough)
        5:  359:    state->discard[currentPlayer][state->discardCount[currentPlayer]++] = state->hand[currentPlayer][i];//Discard
        5:  360:    state->hand[currentPlayer][i] = -1;//Set card to -1
        -:  361:  }
        1:  362:  state->handCount[currentPlayer] = 0;//Reset hand count
        -:  363:
        -:  364:  //Code for determining the player
        1:  365:  if (currentPlayer < (state->numPlayers - 1)){
branch  0 taken 100% (fallthrough)
branch  1 taken 0%
        1:  366:    state->whoseTurn = currentPlayer + 1;//Still safe to increment
        -:  367:  }
        -:  368:  else{
    #####:  369:    state->whoseTurn = 0;//Max player has been reached, loop back around to player 1
        -:  370:  }
        -:  371:
        1:  372:  state->outpostPlayed = 0;
        1:  373:  state->phase = 0;
        1:  374:  state->numActions = 1;
        1:  375:  state->coins = 0;
        1:  376:  state->numBuys = 1;
        1:  377:  state->playedCardCount = 0;
        1:  378:  state->handCount[state->whoseTurn] = 0;
        -:  379:
        -:  380:  //int k; move to top
        -:  381:  //Next player draws hand
        6:  382:  for (k = 0; k < 5; k++){
branch  0 taken 83%
branch  1 taken 17% (fallthrough)
        5:  383:    drawCard(state->whoseTurn, state);//Draw a card
call    0 returned 100%
        -:  384:  }
        -:  385:
        -:  386:  //Update money
        1:  387:  updateCoins(state->whoseTurn, state , 0);
call    0 returned 100%
        -:  388:
        1:  389:  return 0;
        -:  390:}
        -:  391:
function isGameOver called 3 returned 100% blocks executed 100%
        3:  392:int isGameOver(struct gameState *state) {
        -:  393:  int i;
        -:  394:  int j;
        -:  395:
        -:  396:  //if stack of Province cards is empty, the game ends
        3:  397:  if (state->supplyCount[province] == 0)
branch  0 taken 33% (fallthrough)
branch  1 taken 67%
        -:  398:    {
        1:  399:      return 1;
        -:  400:    }
        -:  401:
        -:  402:  //if three supply pile are at 0, the game ends
        2:  403:  j = 0;
       52:  404:  for (i = 0; i < 25; i++)
branch  0 taken 96%
branch  1 taken 4% (fallthrough)
        -:  405:    {
       50:  406:      if (state->supplyCount[i] == 0)
branch  0 taken 6% (fallthrough)
branch  1 taken 94%
        -:  407:	{
        3:  408:	  j++;
        -:  409:	}
        -:  410:    }
        2:  411:  if ( j >= 3)
branch  0 taken 50% (fallthrough)
branch  1 taken 50%
        -:  412:    {
        1:  413:      return 1;
        -:  414:    }
        -:  415:
        1:  416:  return 0;
        -:  417:}
        -:  418:
function scoreFor called 0 returned 0% blocks executed 0%
    #####:  419:int scoreFor (int player, struct gameState *state) {
        -:  420:
        -:  421:  int i;
    #####:  422:  int score = 0;
        -:  423:  //score from hand
    #####:  424:  for (i = 0; i < state->handCount[player]; i++)
branch  0 never executed
branch  1 never executed
        -:  425:    {
    #####:  426:      if (state->hand[player][i] == curse) { score = score - 1; };
branch  0 never executed
branch  1 never executed
    #####:  427:      if (state->hand[player][i] == estate) { score = score + 1; };
branch  0 never executed
branch  1 never executed
    #####:  428:      if (state->hand[player][i] == duchy) { score = score + 3; };
branch  0 never executed
branch  1 never executed
    #####:  429:      if (state->hand[player][i] == province) { score = score + 6; };
branch  0 never executed
branch  1 never executed
    #####:  430:      if (state->hand[player][i] == great_hall) { score = score + 1; };
branch  0 never executed
branch  1 never executed
    #####:  431:      if (state->hand[player][i] == gardens) { score = score + ( fullDeckCount(player, 0, state) / 10 ); };
branch  0 never executed
branch  1 never executed
call    2 never executed
        -:  432:    }
        -:  433:
        -:  434:  //score from discard
    #####:  435:  for (i = 0; i < state->discardCount[player]; i++)
branch  0 never executed
branch  1 never executed
        -:  436:    {
    #####:  437:      if (state->discard[player][i] == curse) { score = score - 1; };
branch  0 never executed
branch  1 never executed
    #####:  438:      if (state->discard[player][i] == estate) { score = score + 1; };
branch  0 never executed
branch  1 never executed
    #####:  439:      if (state->discard[player][i] == duchy) { score = score + 3; };
branch  0 never executed
branch  1 never executed
    #####:  440:      if (state->discard[player][i] == province) { score = score + 6; };
branch  0 never executed
branch  1 never executed
    #####:  441:      if (state->discard[player][i] == great_hall) { score = score + 1; };
branch  0 never executed
branch  1 never executed
    #####:  442:      if (state->discard[player][i] == gardens) { score = score + ( fullDeckCount(player, 0, state) / 10 ); };
branch  0 never executed
branch  1 never executed
call    2 never executed
        -:  443:    }
        -:  444:
        -:  445:  //score from deck
    #####:  446:  for (i = 0; i < state->discardCount[player]; i++)
branch  0 never executed
branch  1 never executed
        -:  447:    {
    #####:  448:      if (state->deck[player][i] == curse) { score = score - 1; };
branch  0 never executed
branch  1 never executed
    #####:  449:      if (state->deck[player][i] == estate) { score = score + 1; };
branch  0 never executed
branch  1 never executed
    #####:  450:      if (state->deck[player][i] == duchy) { score = score + 3; };
branch  0 never executed
branch  1 never executed
    #####:  451:      if (state->deck[player][i] == province) { score = score + 6; };
branch  0 never executed
branch  1 never executed
    #####:  452:      if (state->deck[player][i] == great_hall) { score = score + 1; };
branch  0 never executed
branch  1 never executed
    #####:  453:      if (state->deck[player][i] == gardens) { score = score + ( fullDeckCount(player, 0, state) / 10 ); };
branch  0 never executed
branch  1 never executed
call    2 never executed
        -:  454:    }
        -:  455:
    #####:  456:  return score;
        -:  457:}
        -:  458:
function getWinners called 0 returned 0% blocks executed 0%
    #####:  459:int getWinners(int players[MAX_PLAYERS], struct gameState *state) {
        -:  460:  int i;
        -:  461:  int j;
        -:  462:  int highScore;
        -:  463:  int currentPlayer;
        -:  464:
        -:  465:  //get score for each player
    #####:  466:  for (i = 0; i < MAX_PLAYERS; i++)
branch  0 never executed
branch  1 never executed
        -:  467:    {
        -:  468:      //set unused player scores to -9999
    #####:  469:      if (i >= state->numPlayers)
branch  0 never executed
branch  1 never executed
        -:  470:	{
    #####:  471:	  players[i] = -9999;
        -:  472:	}
        -:  473:      else
        -:  474:	{
    #####:  475:	  players[i] = scoreFor (i, state);
call    0 never executed
        -:  476:	}
        -:  477:    }
        -:  478:
        -:  479:  //find highest score
    #####:  480:  j = 0;
    #####:  481:  for (i = 0; i < MAX_PLAYERS; i++)
branch  0 never executed
branch  1 never executed
        -:  482:    {
    #####:  483:      if (players[i] > players[j])
branch  0 never executed
branch  1 never executed
        -:  484:	{
    #####:  485:	  j = i;
        -:  486:	}
        -:  487:    }
    #####:  488:  highScore = players[j];
        -:  489:
        -:  490:  //add 1 to players who had less turns
    #####:  491:  currentPlayer = whoseTurn(state);
call    0 never executed
    #####:  492:  for (i = 0; i < MAX_PLAYERS; i++)
branch  0 never executed
branch  1 never executed
        -:  493:    {
    #####:  494:      if ( players[i] == highScore && i > currentPlayer )
branch  0 never executed
branch  1 never executed
branch  2 never executed
branch  3 never executed
        -:  495:	{
    #####:  496:	  players[i]++;
        -:  497:	}
        -:  498:    }
        -:  499:
        -:  500:  //find new highest score
    #####:  501:  j = 0;
    #####:  502:  for (i = 0; i < MAX_PLAYERS; i++)
branch  0 never executed
branch  1 never executed
        -:  503:    {
    #####:  504:      if ( players[i] > players[j] )
branch  0 never executed
branch  1 never executed
        -:  505:	{
    #####:  506:	  j = i;
        -:  507:	}
        -:  508:    }
    #####:  509:  highScore = players[j];
        -:  510:
        -:  511:  //set winners in array to 1 and rest to 0
    #####:  512:  for (i = 0; i < MAX_PLAYERS; i++)
branch  0 never executed
branch  1 never executed
        -:  513:    {
    #####:  514:      if ( players[i] == highScore )
branch  0 never executed
branch  1 never executed
        -:  515:	{
    #####:  516:	  players[i] = 1;
        -:  517:	}
        -:  518:      else
        -:  519:	{
    #####:  520:	  players[i] = 0;
        -:  521:	}
        -:  522:    }
        -:  523:
    #####:  524:  return 0;
        -:  525:}
        -:  526:
function drawCard called 1975409 returned 100% blocks executed 100%
  1975409:  527:int drawCard(int player, struct gameState *state)
        -:  528:{	int count;
        -:  529:  int deckCounter;
  1975409:  530:  if (state->deckCount[player] <= 0){//Deck is empty
branch  0 taken 1% (fallthrough)
branch  1 taken 99%
        -:  531:
        -:  532:    //Step 1 Shuffle the discard pile back into a deck
        -:  533:    int i;
        -:  534:    //Move discard to deck
    19691:  535:    for (i = 0; i < state->discardCount[player];i++){
branch  0 taken 1%
branch  1 taken 99% (fallthrough)
       59:  536:      state->deck[player][i] = state->discard[player][i];
       59:  537:      state->discard[player][i] = -1;
        -:  538:    }
        -:  539:
    19632:  540:    state->deckCount[player] = state->discardCount[player];
    19632:  541:    state->discardCount[player] = 0;//Reset discard
        -:  542:
        -:  543:    //Shufffle the deck
    19632:  544:    shuffle(player, state);//Shuffle the deck up and make it so that we can draw
call    0 returned 100%
        -:  545:
        -:  546:    if (DEBUG){//Debug statements
        -:  547:      printf("Deck count now: %d\n", state->deckCount[player]);
        -:  548:    }
        -:  549:
    19632:  550:    state->discardCount[player] = 0;
        -:  551:
        -:  552:    //Step 2 Draw Card
    19632:  553:    count = state->handCount[player];//Get current player's hand count
        -:  554:
        -:  555:    if (DEBUG){//Debug statements
        -:  556:      printf("Current hand count: %d\n", count);
        -:  557:    }
        -:  558:
    19632:  559:    deckCounter = state->deckCount[player];//Create a holder for the deck count
        -:  560:
    19632:  561:    if (deckCounter == 0)
branch  0 taken 99% (fallthrough)
branch  1 taken 1%
    19627:  562:      return -1;
        -:  563:
        5:  564:    state->hand[player][count] = state->deck[player][deckCounter - 1];//Add card to hand
        5:  565:    state->deckCount[player]--;
        5:  566:    state->handCount[player]++;//Increment hand count
        -:  567:  }
        -:  568:
        -:  569:  else{
  1955777:  570:    int count = state->handCount[player];//Get current hand count for player
        -:  571:    int deckCounter;
        -:  572:    if (DEBUG){//Debug statements
        -:  573:      printf("Current hand count: %d\n", count);
        -:  574:    }
        -:  575:
  1955777:  576:    deckCounter = state->deckCount[player];//Create holder for the deck count
  1955777:  577:    state->hand[player][count] = state->deck[player][deckCounter - 1];//Add card to the hand
  1955777:  578:    state->deckCount[player]--;
  1955777:  579:    state->handCount[player]++;//Increment hand count
        -:  580:  }
        -:  581:
  1955782:  582:  return 0;
        -:  583:}
        -:  584:
function getCost called 0 returned 0% blocks executed 0%
    #####:  585:int getCost(int cardNumber)
        -:  586:{
    #####:  587:  switch( cardNumber )
branch  0 never executed
branch  1 never executed
branch  2 never executed
branch  3 never executed
branch  4 never executed
branch  5 never executed
branch  6 never executed
branch  7 never executed
branch  8 never executed
branch  9 never executed
branch 10 never executed
branch 11 never executed
branch 12 never executed
branch 13 never executed
branch 14 never executed
branch 15 never executed
branch 16 never executed
branch 17 never executed
branch 18 never executed
branch 19 never executed
branch 20 never executed
branch 21 never executed
branch 22 never executed
branch 23 never executed
branch 24 never executed
branch 25 never executed
branch 26 never executed
branch 27 never executed
        -:  588:    {
        -:  589:    case curse:
    #####:  590:      return 0;
        -:  591:    case estate:
    #####:  592:      return 2;
        -:  593:    case duchy:
    #####:  594:      return 5;
        -:  595:    case province:
    #####:  596:      return 8;
        -:  597:    case copper:
    #####:  598:      return 0;
        -:  599:    case silver:
    #####:  600:      return 3;
        -:  601:    case gold:
    #####:  602:      return 6;
        -:  603:    case adventurer:
    #####:  604:      return 6;
        -:  605:    case council_room:
    #####:  606:      return 5;
        -:  607:    case feast:
    #####:  608:      return 4;
        -:  609:    case gardens:
    #####:  610:      return 4;
        -:  611:    case mine:
    #####:  612:      return 5;
        -:  613:    case remodel:
    #####:  614:      return 4;
        -:  615:    case smithy:
    #####:  616:      return 4;
        -:  617:    case village:
    #####:  618:      return 3;
        -:  619:    case baron:
    #####:  620:      return 4;
        -:  621:    case great_hall:
    #####:  622:      return 3;
        -:  623:    case minion:
    #####:  624:      return 5;
        -:  625:    case steward:
    #####:  626:      return 3;
        -:  627:    case tribute:
    #####:  628:      return 5;
        -:  629:    case ambassador:
    #####:  630:      return 3;
        -:  631:    case cutpurse:
    #####:  632:      return 4;
        -:  633:    case embargo:
    #####:  634:      return 2;
        -:  635:    case outpost:
    #####:  636:      return 5;
        -:  637:    case salvager:
    #####:  638:      return 4;
        -:  639:    case sea_hag:
    #####:  640:      return 4;
        -:  641:    case treasure_map:
    #####:  642:      return 4;
        -:  643:    }
        -:  644:
    #####:  645:  return -1;
        -:  646:}
        -:  647:
        -:  648://***********************************************************************************************************************************
        -:  649:// ASSIGNMENT 2 ADDITIONS START HERE -- (Added individual functions for 5 cards, and added one bug per function)
        -:  650://***********************************************************************************************************************************
        -:  651:
function playAdventurer called 2 returned 100% blocks executed 100%
        2:  652:int playAdventurer(struct gameState *state, int *drawntreasure, int *currentPlayer, int *cardDrawn, int *temphand[], int *z) {
        -:  653:
       36:  654:	while(*drawntreasure < 2){
branch  0 taken 94%
branch  1 taken 6% (fallthrough)
        -:  655:
       32:  656:		if (state->deckCount[*currentPlayer] < 1) {//if the deck is empty we need to shuffle discard and add to deck
branch  0 taken 3% (fallthrough)
branch  1 taken 97%
        1:  657:			shuffle(*currentPlayer, state);
call    0 returned 100%
        -:  658:		}
        -:  659:
       32:  660:		drawCard(*currentPlayer, state);
call    0 returned 100%
       32:  661:		*cardDrawn = state->hand[*currentPlayer][state->handCount[*currentPlayer] - 1];//top card of hand is most recently drawn card.
        -:  662:
       32:  663:		if (*cardDrawn == copper || *cardDrawn == silver) //BUG INTRODUCED FOR ASSIGNMENT 2: Removed *cardDrawn == gold
branch  0 taken 91% (fallthrough)
branch  1 taken 9%
branch  2 taken 14% (fallthrough)
branch  3 taken 86%
        7:  664:			*drawntreasure++;
        -:  665:		else {
       25:  666:			temphand[*z] = *cardDrawn;
       25:  667:			state->handCount[*currentPlayer]--; //this should just remove the top card (the most recently drawn one).
       25:  668:			*z++;
        -:  669:		}
        -:  670:    }
        -:  671:
        5:  672:    while(*z - 1 >= 0){
branch  0 taken 33%
branch  1 taken 67% (fallthrough)
        -:  673:		//discard all cards in play that have been drawn
        1:  674:		state->discard[*currentPlayer][state->discardCount[*currentPlayer]++] = temphand[*z - 1];
        1:  675:		*z = *z - 1;
        -:  676:    }
        -:  677:
        2:  678:	return 0;
        -:  679:}
        -:  680:
function playSmithy called 123458 returned 100% blocks executed 100%
   123458:  681:int playSmithy(struct gameState *state, int *handPos, int *currentPlayer) {
        -:  682:	//+3 Cards
        -:  683:	int i;
        -:  684:
        -:  685:	//BUG INTRODUCED FOR ASSIGNMENT 2: Should be i < 3, but I instead allow the player to draw 4 cards
   617290:  686:    for (i = 0; i < 4; i++) {
branch  0 taken 80%
branch  1 taken 20% (fallthrough)
   493832:  687:		drawCard(*currentPlayer, state);
call    0 returned 100%
        -:  688:	}
        -:  689:
        -:  690:	//discard card from hand
   123458:  691:	discardCard(*handPos, *currentPlayer, state, 0);
call    0 returned 100%
        -:  692:
   123458:  693:	return 0;
        -:  694:}
        -:  695:
function playVillage called 1 returned 100% blocks executed 100%
        1:  696:int playVillage(struct gameState *state, int *handPos, int *currentPlayer) {
        -:  697:	//+1 Card
        1:  698:	drawCard(*currentPlayer, state);
call    0 returned 100%
        -:  699:
        -:  700:	//+2 Actions
        1:  701:	state->numActions = state->numActions + 2;
        -:  702:
        -:  703:	//discard played card from hand
        -:  704:	//discardCard(*handPos, *currentPlayer, state, 0); //BUG INTRODUCED FOR ASSIGNMENT 2: Commented out the discardCard feature
        -:  705:
        1:  706:	return 0;
        -:  707:}
        -:  708:
function playGreatHall called 123456 returned 100% blocks executed 100%
   123456:  709:int playGreatHall(struct gameState *state, int *handPos, int *currentPlayer) {
        -:  710:	//+1 Card
   123456:  711:	drawCard(*currentPlayer, state);
call    0 returned 100%
   123456:  712:	drawCard(*currentPlayer, state); //BUG INTRODUCED FOR ASSIGNMENT 2: Draw an extra card when playing Great Hall
call    0 returned 100%
        -:  713:
        -:  714:	//+1 Actions
   123456:  715:	state->numActions--; //BUG INTRODUCED FOR ASSIGNMENT 2: Decrease actions by 1 instead of increase
        -:  716:
        -:  717:	//discard card from hand
   123456:  718:	discardCard(*handPos, *currentPlayer, state, 0);
call    0 returned 100%
        -:  719:
   123456:  720:	return 0;
        -:  721:}
        -:  722:
function playEmbargo called 0 returned 0% blocks executed 0%
    #####:  723:int playEmbargo(struct gameState *state, int *choice1, int *handPos, int *currentPlayer) {
        -:  724:	//+2 Coins
    #####:  725:	state->coins = state->coins + 2;
        -:  726:
        -:  727:	//see if selected pile is in play
    #####:  728:	if ( state->supplyCount[*choice1] == -1 )
branch  0 never executed
branch  1 never executed
    #####:  729:		return -1;
        -:  730:
        -:  731:	//add embargo token to selected supply pile
    #####:  732:	state->embargoTokens[*choice1]++;
        -:  733:
        -:  734:	//trash card
    #####:  735:	discardCard(*handPos, *currentPlayer, state, 1);
call    0 never executed
        -:  736:
    #####:  737:	return 0;
        -:  738:}
        -:  739://***********************************************************************************************************************************
        -:  740:
function cardEffect called 246919 returned 100% blocks executed 8%
   246919:  741:int cardEffect(int card, int choice1, int choice2, int choice3, struct gameState *state, int handPos, int *bonus)
        -:  742:{
        -:  743:  int i;
        -:  744:  int j;
        -:  745:  int k;
        -:  746:  int x;
        -:  747:  int index;
   246919:  748:  int currentPlayer = whoseTurn(state);
call    0 returned 100%
   246919:  749:  int nextPlayer = currentPlayer + 1;
        -:  750:
   246919:  751:  int tributeRevealedCards[2] = {-1, -1};
        -:  752:  int temphand[MAX_HAND];// moved above the if statement
   246919:  753:  int drawntreasure=0;
        -:  754:  int cardDrawn;
   246919:  755:  int z = 0;// this is the counter for the temp hand
   246919:  756:  if (nextPlayer > (state->numPlayers - 1)){
branch  0 taken 0% (fallthrough)
branch  1 taken 100%
    #####:  757:    nextPlayer = 0;
        -:  758:  }
        -:  759:
        -:  760:
        -:  761:  //uses switch to select card and perform actions
   246919:  762:  switch( card )
branch  0 taken 1%
branch  1 taken 50%
branch  2 taken 1%
branch  3 taken 50%
branch  4 taken 0%
branch  5 taken 1%
branch  6 taken 0%
branch  7 taken 0%
branch  8 taken 0%
branch  9 taken 0%
branch 10 taken 0%
branch 11 taken 0%
branch 12 taken 0%
branch 13 taken 0%
branch 14 taken 0%
branch 15 taken 0%
branch 16 taken 0%
branch 17 taken 0%
branch 18 taken 0%
branch 19 taken 0%
branch 20 taken 0%
        -:  763:    {
        -:  764:
        -:  765:	//*****************************************************************************************
        -:  766:	//THESE FIRST 5 ACTIONS HAVE BEEN MOVED TO THEIR OWN INDIVIDUAL FUNCTIONS FOR ASSIGNMENT 2
        -:  767:	//*****************************************************************************************
        -:  768:    case adventurer:
        2:  769:		return playAdventurer(state, &drawntreasure, &currentPlayer, &cardDrawn, &temphand, &z);
call    0 returned 100%
        -:  770:
        -:  771:    case smithy:
   123458:  772:		return playSmithy(state, &handPos, &currentPlayer);
call    0 returned 100%
        -:  773:
        -:  774:	case village:
        1:  775:		return playVillage(state, &handPos, &currentPlayer);
call    0 returned 100%
        -:  776:
        -:  777:	case great_hall:
   123456:  778:		return playGreatHall(state, &handPos, &currentPlayer);
call    0 returned 100%
        -:  779:
        -:  780:	case embargo:
    #####:  781:		return playEmbargo(state, &choice1, &handPos, &currentPlayer);
call    0 never executed
        -:  782:	//*****************************************************************************************
        -:  783:
        -:  784:    case council_room:
        -:  785:      //+4 Cards
       10:  786:      for (i = 0; i < 4; i++)
branch  0 taken 80%
branch  1 taken 20% (fallthrough)
        -:  787:	{
        8:  788:	  drawCard(currentPlayer, state);
call    0 returned 100%
        -:  789:	}
        -:  790:
        -:  791:      //+1 Buy
        2:  792:      state->numBuys++;
        -:  793:
        -:  794:      //Each other player draws a card
        8:  795:      for (i = 0; i < state->numPlayers; i++)
branch  0 taken 75%
branch  1 taken 25% (fallthrough)
        -:  796:	{
        6:  797:	  if ( i != currentPlayer )
branch  0 taken 67% (fallthrough)
branch  1 taken 33%
        -:  798:	    {
        4:  799:	      drawCard(i, state);
call    0 returned 100%
        -:  800:	    }
        -:  801:	}
        -:  802:
        -:  803:      //put played card in played card pile
        2:  804:      discardCard(handPos, currentPlayer, state, 0);
call    0 returned 100%
        -:  805:
        2:  806:      return 0;
        -:  807:
        -:  808:    case feast:
        -:  809:      //gain card with cost up to 5
        -:  810:      //Backup hand
    #####:  811:      for (i = 0; i <= state->handCount[currentPlayer]; i++){
branch  0 never executed
branch  1 never executed
    #####:  812:	temphand[i] = state->hand[currentPlayer][i];//Backup card
    #####:  813:	state->hand[currentPlayer][i] = -1;//Set to nothing
        -:  814:      }
        -:  815:      //Backup hand
        -:  816:
        -:  817:      //Update Coins for Buy
    #####:  818:      updateCoins(currentPlayer, state, 5);
call    0 never executed
    #####:  819:      x = 1;//Condition to loop on
    #####:  820:      while( x == 1) {//Buy one card
branch  0 never executed
branch  1 never executed
    #####:  821:	if (supplyCount(choice1, state) <= 0){
call    0 never executed
branch  1 never executed
branch  2 never executed
        -:  822:	  if (DEBUG)
        -:  823:	    printf("None of that card left, sorry!\n");
        -:  824:
        -:  825:	  if (DEBUG){
        -:  826:	    printf("Cards Left: %d\n", supplyCount(choice1, state));
        -:  827:	  }
        -:  828:	}
    #####:  829:	else if (state->coins < getCost(choice1)){
call    0 never executed
branch  1 never executed
branch  2 never executed
    #####:  830:	  printf("That card is too expensive!\n");
call    0 never executed
        -:  831:
        -:  832:	  if (DEBUG){
        -:  833:	    printf("Coins: %d < %d\n", state->coins, getCost(choice1));
        -:  834:	  }
        -:  835:	}
        -:  836:	else{
        -:  837:
        -:  838:	  if (DEBUG){
        -:  839:	    printf("Deck Count: %d\n", state->handCount[currentPlayer] + state->deckCount[currentPlayer] + state->discardCount[currentPlayer]);
        -:  840:	  }
        -:  841:
    #####:  842:	  gainCard(choice1, state, 0, currentPlayer);//Gain the card
call    0 never executed
    #####:  843:	  x = 0;//No more buying cards
        -:  844:
        -:  845:	  if (DEBUG){
        -:  846:	    printf("Deck Count: %d\n", state->handCount[currentPlayer] + state->deckCount[currentPlayer] + state->discardCount[currentPlayer]);
        -:  847:	  }
        -:  848:
        -:  849:	}
        -:  850:      }
        -:  851:
        -:  852:      //Reset Hand
    #####:  853:      for (i = 0; i <= state->handCount[currentPlayer]; i++){
branch  0 never executed
branch  1 never executed
    #####:  854:	state->hand[currentPlayer][i] = temphand[i];
    #####:  855:	temphand[i] = -1;
        -:  856:      }
        -:  857:      //Reset Hand
        -:  858:
    #####:  859:      return 0;
        -:  860:
        -:  861:    case gardens:
    #####:  862:      return -1;
        -:  863:
        -:  864:    case mine:
    #####:  865:      j = state->hand[currentPlayer][choice1];  //store card we will trash
        -:  866:
    #####:  867:      if (state->hand[currentPlayer][choice1] < copper || state->hand[currentPlayer][choice1] > gold)
branch  0 never executed
branch  1 never executed
branch  2 never executed
branch  3 never executed
        -:  868:	{
    #####:  869:	  return -1;
        -:  870:	}
        -:  871:
    #####:  872:      if (choice2 > treasure_map || choice2 < curse)
branch  0 never executed
branch  1 never executed
branch  2 never executed
branch  3 never executed
        -:  873:	{
    #####:  874:	  return -1;
        -:  875:	}
        -:  876:
    #####:  877:      if ( (getCost(state->hand[currentPlayer][choice1]) + 3) > getCost(choice2) )
call    0 never executed
call    1 never executed
branch  2 never executed
branch  3 never executed
        -:  878:	{
    #####:  879:	  return -1;
        -:  880:	}
        -:  881:
    #####:  882:      gainCard(choice2, state, 2, currentPlayer);
call    0 never executed
        -:  883:
        -:  884:      //discard card from hand
    #####:  885:      discardCard(handPos, currentPlayer, state, 0);
call    0 never executed
        -:  886:
        -:  887:      //discard trashed card
    #####:  888:      for (i = 0; i < state->handCount[currentPlayer]; i++)
branch  0 never executed
branch  1 never executed
        -:  889:	{
    #####:  890:	  if (state->hand[currentPlayer][i] == j)
branch  0 never executed
branch  1 never executed
        -:  891:	    {
    #####:  892:	      discardCard(i, currentPlayer, state, 0);
call    0 never executed
    #####:  893:	      break;
        -:  894:	    }
        -:  895:	}
        -:  896:
    #####:  897:      return 0;
        -:  898:
        -:  899:    case remodel:
    #####:  900:      j = state->hand[currentPlayer][choice1];  //store card we will trash
        -:  901:
    #####:  902:      if ( (getCost(state->hand[currentPlayer][choice1]) + 2) > getCost(choice2) )
call    0 never executed
call    1 never executed
branch  2 never executed
branch  3 never executed
        -:  903:	{
    #####:  904:	  return -1;
        -:  905:	}
        -:  906:
    #####:  907:      gainCard(choice2, state, 0, currentPlayer);
call    0 never executed
        -:  908:
        -:  909:      //discard card from hand
    #####:  910:      discardCard(handPos, currentPlayer, state, 0);
call    0 never executed
        -:  911:
        -:  912:      //discard trashed card
    #####:  913:      for (i = 0; i < state->handCount[currentPlayer]; i++)
branch  0 never executed
branch  1 never executed
        -:  914:	{
    #####:  915:	  if (state->hand[currentPlayer][i] == j)
branch  0 never executed
branch  1 never executed
        -:  916:	    {
    #####:  917:	      discardCard(i, currentPlayer, state, 0);
call    0 never executed
    #####:  918:	      break;
        -:  919:	    }
        -:  920:	}
        -:  921:
    #####:  922:      return 0;
        -:  923:
        -:  924:    case baron:
    #####:  925:      state->numBuys++;//Increase buys by 1!
    #####:  926:      if (choice1 > 0){//Boolean true or going to discard an estate
branch  0 never executed
branch  1 never executed
    #####:  927:	int p = 0;//Iterator for hand!
    #####:  928:	int card_not_discarded = 1;//Flag for discard set!
    #####:  929:	while(card_not_discarded){
branch  0 never executed
branch  1 never executed
    #####:  930:	  if (state->hand[currentPlayer][p] == estate){//Found an estate card!
branch  0 never executed
branch  1 never executed
    #####:  931:	    state->coins += 4;//Add 4 coins to the amount of coins
    #####:  932:	    state->discard[currentPlayer][state->discardCount[currentPlayer]] = state->hand[currentPlayer][p];
    #####:  933:	    state->discardCount[currentPlayer]++;
    #####:  934:	    for (;p < state->handCount[currentPlayer]; p++){
branch  0 never executed
branch  1 never executed
    #####:  935:	      state->hand[currentPlayer][p] = state->hand[currentPlayer][p+1];
        -:  936:	    }
    #####:  937:	    state->hand[currentPlayer][state->handCount[currentPlayer]] = -1;
    #####:  938:	    state->handCount[currentPlayer]--;
    #####:  939:	    card_not_discarded = 0;//Exit the loop
        -:  940:	  }
    #####:  941:	  else if (p > state->handCount[currentPlayer]){
branch  0 never executed
branch  1 never executed
        -:  942:	    if(DEBUG) {
        -:  943:	      printf("No estate cards in your hand, invalid choice\n");
        -:  944:	      printf("Must gain an estate if there are any\n");
        -:  945:	    }
    #####:  946:	    if (supplyCount(estate, state) > 0){
call    0 never executed
branch  1 never executed
branch  2 never executed
    #####:  947:	      gainCard(estate, state, 0, currentPlayer);
call    0 never executed
    #####:  948:	      state->supplyCount[estate]--;//Decrement estates
    #####:  949:	      if (supplyCount(estate, state) == 0){
call    0 never executed
branch  1 never executed
branch  2 never executed
    #####:  950:		isGameOver(state);
call    0 never executed
        -:  951:	      }
        -:  952:	    }
    #####:  953:	    card_not_discarded = 0;//Exit the loop
        -:  954:	  }
        -:  955:
        -:  956:	  else{
    #####:  957:	    p++;//Next card
        -:  958:	  }
        -:  959:	}
        -:  960:      }
        -:  961:
        -:  962:      else{
    #####:  963:	if (supplyCount(estate, state) > 0){
call    0 never executed
branch  1 never executed
branch  2 never executed
    #####:  964:	  gainCard(estate, state, 0, currentPlayer);//Gain an estate
call    0 never executed
    #####:  965:	  state->supplyCount[estate]--;//Decrement Estates
    #####:  966:	  if (supplyCount(estate, state) == 0){
call    0 never executed
branch  1 never executed
branch  2 never executed
    #####:  967:	    isGameOver(state);
call    0 never executed
        -:  968:	  }
        -:  969:	}
        -:  970:      }
        -:  971:
    #####:  972:      return 0;
        -:  973:
        -:  974:    case minion:
        -:  975:      //+1 action
    #####:  976:      state->numActions++;
        -:  977:
        -:  978:      //discard card from hand
    #####:  979:      discardCard(handPos, currentPlayer, state, 0);
call    0 never executed
        -:  980:
    #####:  981:      if (choice1)		//+2 coins
branch  0 never executed
branch  1 never executed
        -:  982:	{
    #####:  983:	  state->coins = state->coins + 2;
        -:  984:	}
        -:  985:
    #####:  986:      else if (choice2)		//discard hand, redraw 4, other players with 5+ cards discard hand and draw 4
branch  0 never executed
branch  1 never executed
        -:  987:	{
        -:  988:	  //discard hand
    #####:  989:	  while(numHandCards(state) > 0)
call    0 never executed
branch  1 never executed
branch  2 never executed
        -:  990:	    {
    #####:  991:	      discardCard(handPos, currentPlayer, state, 0);
call    0 never executed
        -:  992:	    }
        -:  993:
        -:  994:	  //draw 4
    #####:  995:	  for (i = 0; i < 4; i++)
branch  0 never executed
branch  1 never executed
        -:  996:	    {
    #####:  997:	      drawCard(currentPlayer, state);
call    0 never executed
        -:  998:	    }
        -:  999:
        -: 1000:	  //other players discard hand and redraw if hand size > 4
    #####: 1001:	  for (i = 0; i < state->numPlayers; i++)
branch  0 never executed
branch  1 never executed
        -: 1002:	    {
    #####: 1003:	      if (i != currentPlayer)
branch  0 never executed
branch  1 never executed
        -: 1004:		{
    #####: 1005:		  if ( state->handCount[i] > 4 )
branch  0 never executed
branch  1 never executed
        -: 1006:		    {
        -: 1007:		      //discard hand
    #####: 1008:		      while( state->handCount[i] > 0 )
branch  0 never executed
branch  1 never executed
        -: 1009:			{
    #####: 1010:			  discardCard(handPos, i, state, 0);
call    0 never executed
        -: 1011:			}
        -: 1012:
        -: 1013:		      //draw 4
    #####: 1014:		      for (j = 0; j < 4; j++)
branch  0 never executed
branch  1 never executed
        -: 1015:			{
    #####: 1016:			  drawCard(i, state);
call    0 never executed
        -: 1017:			}
        -: 1018:		    }
        -: 1019:		}
        -: 1020:	    }
        -: 1021:
        -: 1022:	}
    #####: 1023:      return 0;
        -: 1024:
        -: 1025:    case steward:
    #####: 1026:      if (choice1 == 1)
branch  0 never executed
branch  1 never executed
        -: 1027:	{
        -: 1028:	  //+2 cards
    #####: 1029:	  drawCard(currentPlayer, state);
call    0 never executed
    #####: 1030:	  drawCard(currentPlayer, state);
call    0 never executed
        -: 1031:	}
    #####: 1032:      else if (choice1 == 2)
branch  0 never executed
branch  1 never executed
        -: 1033:	{
        -: 1034:	  //+2 coins
    #####: 1035:	  state->coins = state->coins + 2;
        -: 1036:	}
        -: 1037:      else
        -: 1038:	{
        -: 1039:	  //trash 2 cards in hand
    #####: 1040:	  discardCard(choice2, currentPlayer, state, 1);
call    0 never executed
    #####: 1041:	  discardCard(choice3, currentPlayer, state, 1);
call    0 never executed
        -: 1042:	}
        -: 1043:
        -: 1044:      //discard card from hand
    #####: 1045:      discardCard(handPos, currentPlayer, state, 0);
call    0 never executed
    #####: 1046:      return 0;
        -: 1047:
        -: 1048:    case tribute:
    #####: 1049:      if ((state->discardCount[nextPlayer] + state->deckCount[nextPlayer]) <= 1){
branch  0 never executed
branch  1 never executed
    #####: 1050:	if (state->deckCount[nextPlayer] > 0){
branch  0 never executed
branch  1 never executed
    #####: 1051:	  tributeRevealedCards[0] = state->deck[nextPlayer][state->deckCount[nextPlayer]-1];
    #####: 1052:	  state->deckCount[nextPlayer]--;
        -: 1053:	}
    #####: 1054:	else if (state->discardCount[nextPlayer] > 0){
branch  0 never executed
branch  1 never executed
    #####: 1055:	  tributeRevealedCards[0] = state->discard[nextPlayer][state->discardCount[nextPlayer]-1];
    #####: 1056:	  state->discardCount[nextPlayer]--;
        -: 1057:	}
        -: 1058:	else{
        -: 1059:	  //No Card to Reveal
        -: 1060:	  if (DEBUG){
        -: 1061:	    printf("No cards to reveal\n");
        -: 1062:	  }
        -: 1063:	}
        -: 1064:      }
        -: 1065:
        -: 1066:      else{
    #####: 1067:	if (state->deckCount[nextPlayer] == 0){
branch  0 never executed
branch  1 never executed
    #####: 1068:	  for (i = 0; i < state->discardCount[nextPlayer]; i++){
branch  0 never executed
branch  1 never executed
    #####: 1069:	    state->deck[nextPlayer][i] = state->discard[nextPlayer][i];//Move to deck
    #####: 1070:	    state->deckCount[nextPlayer]++;
    #####: 1071:	    state->discard[nextPlayer][i] = -1;
    #####: 1072:	    state->discardCount[nextPlayer]--;
        -: 1073:	  }
        -: 1074:
    #####: 1075:	  shuffle(nextPlayer,state);//Shuffle the deck
call    0 never executed
        -: 1076:	}
    #####: 1077:	tributeRevealedCards[0] = state->deck[nextPlayer][state->deckCount[nextPlayer]-1];
    #####: 1078:	state->deck[nextPlayer][state->deckCount[nextPlayer]--] = -1;
    #####: 1079:	state->deckCount[nextPlayer]--;
    #####: 1080:	tributeRevealedCards[1] = state->deck[nextPlayer][state->deckCount[nextPlayer]-1];
    #####: 1081:	state->deck[nextPlayer][state->deckCount[nextPlayer]--] = -1;
    #####: 1082:	state->deckCount[nextPlayer]--;
        -: 1083:      }
        -: 1084:
    #####: 1085:      if (tributeRevealedCards[0] == tributeRevealedCards[1]){//If we have a duplicate card, just drop one
branch  0 never executed
branch  1 never executed
    #####: 1086:	state->playedCards[state->playedCardCount] = tributeRevealedCards[1];
    #####: 1087:	state->playedCardCount++;
    #####: 1088:	tributeRevealedCards[1] = -1;
        -: 1089:      }
        -: 1090:
    #####: 1091:      for (i = 0; i <= 2; i ++){
branch  0 never executed
branch  1 never executed
    #####: 1092:	if (tributeRevealedCards[i] == copper || tributeRevealedCards[i] == silver || tributeRevealedCards[i] == gold){//Treasure cards
branch  0 never executed
branch  1 never executed
branch  2 never executed
branch  3 never executed
branch  4 never executed
branch  5 never executed
    #####: 1093:	  state->coins += 2;
        -: 1094:	}
        -: 1095:
    #####: 1096:	else if (tributeRevealedCards[i] == estate || tributeRevealedCards[i] == duchy || tributeRevealedCards[i] == province || tributeRevealedCards[i] == gardens || tributeRevealedCards[i] == great_hall){//Victory Card Found
branch  0 never executed
branch  1 never executed
branch  2 never executed
branch  3 never executed
branch  4 never executed
branch  5 never executed
branch  6 never executed
branch  7 never executed
branch  8 never executed
branch  9 never executed
    #####: 1097:	  drawCard(currentPlayer, state);
call    0 never executed
    #####: 1098:	  drawCard(currentPlayer, state);
call    0 never executed
        -: 1099:	}
        -: 1100:	else{//Action Card
    #####: 1101:	  state->numActions = state->numActions + 2;
        -: 1102:	}
        -: 1103:      }
        -: 1104:
    #####: 1105:      return 0;
        -: 1106:
        -: 1107:    case ambassador:
    #####: 1108:      j = 0;		//used to check if player has enough cards to discard
        -: 1109:
    #####: 1110:      if (choice2 > 2 || choice2 < 0)
branch  0 never executed
branch  1 never executed
branch  2 never executed
branch  3 never executed
        -: 1111:	{
    #####: 1112:	  return -1;
        -: 1113:	}
        -: 1114:
    #####: 1115:      if (choice1 == handPos)
branch  0 never executed
branch  1 never executed
        -: 1116:	{
    #####: 1117:	  return -1;
        -: 1118:	}
        -: 1119:
    #####: 1120:      for (i = 0; i < state->handCount[currentPlayer]; i++)
branch  0 never executed
branch  1 never executed
        -: 1121:	{
    #####: 1122:	  if (i != handPos && i == state->hand[currentPlayer][choice1] && i != choice1)
branch  0 never executed
branch  1 never executed
branch  2 never executed
branch  3 never executed
branch  4 never executed
branch  5 never executed
        -: 1123:	    {
    #####: 1124:	      j++;
        -: 1125:	    }
        -: 1126:	}
    #####: 1127:      if (j < choice2)
branch  0 never executed
branch  1 never executed
        -: 1128:	{
    #####: 1129:	  return -1;
        -: 1130:	}
        -: 1131:
        -: 1132:      if (DEBUG)
        -: 1133:	printf("Player %d reveals card number: %d\n", currentPlayer, state->hand[currentPlayer][choice1]);
        -: 1134:
        -: 1135:      //increase supply count for choosen card by amount being discarded
    #####: 1136:      state->supplyCount[state->hand[currentPlayer][choice1]] += choice2;
        -: 1137:
        -: 1138:      //each other player gains a copy of revealed card
    #####: 1139:      for (i = 0; i < state->numPlayers; i++)
branch  0 never executed
branch  1 never executed
        -: 1140:	{
    #####: 1141:	  if (i != currentPlayer)
branch  0 never executed
branch  1 never executed
        -: 1142:	    {
    #####: 1143:	      gainCard(state->hand[currentPlayer][choice1], state, 0, i);
call    0 never executed
        -: 1144:	    }
        -: 1145:	}
        -: 1146:
        -: 1147:      //discard played card from hand
    #####: 1148:      discardCard(handPos, currentPlayer, state, 0);
call    0 never executed
        -: 1149:
        -: 1150:      //trash copies of cards returned to supply
    #####: 1151:      for (j = 0; j < choice2; j++)
branch  0 never executed
branch  1 never executed
        -: 1152:	{
    #####: 1153:	  for (i = 0; i < state->handCount[currentPlayer]; i++)
branch  0 never executed
branch  1 never executed
        -: 1154:	    {
    #####: 1155:	      if (state->hand[currentPlayer][i] == state->hand[currentPlayer][choice1])
branch  0 never executed
branch  1 never executed
        -: 1156:		{
    #####: 1157:		  discardCard(i, currentPlayer, state, 1);
call    0 never executed
    #####: 1158:		  break;
        -: 1159:		}
        -: 1160:	    }
        -: 1161:	}
        -: 1162:
    #####: 1163:      return 0;
        -: 1164:
        -: 1165:    case cutpurse:
        -: 1166:
    #####: 1167:      updateCoins(currentPlayer, state, 2);
call    0 never executed
    #####: 1168:      for (i = 0; i < state->numPlayers; i++)
branch  0 never executed
branch  1 never executed
        -: 1169:	{
    #####: 1170:	  if (i != currentPlayer)
branch  0 never executed
branch  1 never executed
        -: 1171:	    {
    #####: 1172:	      for (j = 0; j < state->handCount[i]; j++)
branch  0 never executed
branch  1 never executed
        -: 1173:		{
    #####: 1174:		  if (state->hand[i][j] == copper)
branch  0 never executed
branch  1 never executed
        -: 1175:		    {
    #####: 1176:		      discardCard(j, i, state, 0);
call    0 never executed
    #####: 1177:		      break;
        -: 1178:		    }
    #####: 1179:		  if (j == state->handCount[i])
branch  0 never executed
branch  1 never executed
        -: 1180:		    {
    #####: 1181:		      for (k = 0; k < state->handCount[i]; k++)
branch  0 never executed
branch  1 never executed
        -: 1182:			{
        -: 1183:			  if (DEBUG)
        -: 1184:			    printf("Player %d reveals card number %d\n", i, state->hand[i][k]);
        -: 1185:			}
    #####: 1186:		      break;
        -: 1187:		    }
        -: 1188:		}
        -: 1189:
        -: 1190:	    }
        -: 1191:
        -: 1192:	}
        -: 1193:
        -: 1194:      //discard played card from hand
    #####: 1195:      discardCard(handPos, currentPlayer, state, 0);
call    0 never executed
        -: 1196:
    #####: 1197:      return 0;
        -: 1198:
        -: 1199:    case outpost:
        -: 1200:      //set outpost flag
    #####: 1201:      state->outpostPlayed++;
        -: 1202:
        -: 1203:      //discard card
    #####: 1204:      discardCard(handPos, currentPlayer, state, 0);
call    0 never executed
    #####: 1205:      return 0;
        -: 1206:
        -: 1207:    case salvager:
        -: 1208:      //+1 buy
    #####: 1209:      state->numBuys++;
        -: 1210:
    #####: 1211:      if (choice1)
branch  0 never executed
branch  1 never executed
        -: 1212:	{
        -: 1213:	  //gain coins equal to trashed card
    #####: 1214:	  state->coins = state->coins + getCost( handCard(choice1, state) );
call    0 never executed
call    1 never executed
        -: 1215:	  //trash card
    #####: 1216:	  discardCard(choice1, currentPlayer, state, 1);
call    0 never executed
        -: 1217:	}
        -: 1218:
        -: 1219:      //discard card
    #####: 1220:      discardCard(handPos, currentPlayer, state, 0);
call    0 never executed
    #####: 1221:      return 0;
        -: 1222:
        -: 1223:    case sea_hag:
    #####: 1224:      for (i = 0; i < state->numPlayers; i++){
branch  0 never executed
branch  1 never executed
    #####: 1225:	if (i != currentPlayer){
branch  0 never executed
branch  1 never executed
    #####: 1226:	  state->discard[i][state->discardCount[i]] = state->deck[i][state->deckCount[i]--];			    state->deckCount[i]--;
    #####: 1227:	  state->discardCount[i]++;
    #####: 1228:	  state->deck[i][state->deckCount[i]--] = curse;//Top card now a curse
        -: 1229:	}
        -: 1230:      }
    #####: 1231:      return 0;
        -: 1232:
        -: 1233:    case treasure_map:
        -: 1234:      //search hand for another treasure_map
    #####: 1235:      index = -1;
    #####: 1236:      for (i = 0; i < state->handCount[currentPlayer]; i++)
branch  0 never executed
branch  1 never executed
        -: 1237:	{
    #####: 1238:	  if (state->hand[currentPlayer][i] == treasure_map && i != handPos)
branch  0 never executed
branch  1 never executed
branch  2 never executed
branch  3 never executed
        -: 1239:	    {
    #####: 1240:	      index = i;
    #####: 1241:	      break;
        -: 1242:	    }
        -: 1243:	}
    #####: 1244:      if (index > -1)
branch  0 never executed
branch  1 never executed
        -: 1245:	{
        -: 1246:	  //trash both treasure cards
    #####: 1247:	  discardCard(handPos, currentPlayer, state, 1);
call    0 never executed
    #####: 1248:	  discardCard(index, currentPlayer, state, 1);
call    0 never executed
        -: 1249:
        -: 1250:	  //gain 4 Gold cards
    #####: 1251:	  for (i = 0; i < 4; i++)
branch  0 never executed
branch  1 never executed
        -: 1252:	    {
    #####: 1253:	      gainCard(gold, state, 1, currentPlayer);
call    0 never executed
        -: 1254:	    }
        -: 1255:
        -: 1256:	  //return success
    #####: 1257:	  return 1;
        -: 1258:	}
        -: 1259:
        -: 1260:      //no second treasure_map found in hand
    #####: 1261:      return -1;
        -: 1262:    }
        -: 1263:
    #####: 1264:  return -1;
        -: 1265:}
        -: 1266:
function discardCard called 246920 returned 100% blocks executed 100%
   246920: 1267:int discardCard(int handPos, int currentPlayer, struct gameState *state, int trashFlag)
        -: 1268:{
        -: 1269:
        -: 1270:  //if card is not trashed, added to Played pile
   246920: 1271:  if (trashFlag < 1)
branch  0 taken 99% (fallthrough)
branch  1 taken 1%
        -: 1272:    {
        -: 1273:      //add card to played pile
   246919: 1274:      state->playedCards[state->playedCardCount] = state->hand[currentPlayer][handPos];
   246919: 1275:      state->playedCardCount++;
        -: 1276:    }
        -: 1277:
        -: 1278:  //set played card to -1
   246920: 1279:  state->hand[currentPlayer][handPos] = -1;
        -: 1280:
        -: 1281:  //remove card from player's hand
   246920: 1282:  if ( handPos == (state->handCount[currentPlayer] - 1) ) 	//last card in hand array is played
branch  0 taken 1% (fallthrough)
branch  1 taken 99%
        -: 1283:    {
        -: 1284:      //reduce number of cards in hand
     2789: 1285:      state->handCount[currentPlayer]--;
        -: 1286:    }
   244131: 1287:  else if ( state->handCount[currentPlayer] == 1 ) //only one card in hand
branch  0 taken 1% (fallthrough)
branch  1 taken 99%
        -: 1288:    {
        -: 1289:      //reduce number of cards in hand
      513: 1290:      state->handCount[currentPlayer]--;
        -: 1291:    }
        -: 1292:  else
        -: 1293:    {
        -: 1294:      //replace discarded card with last card in hand
   243618: 1295:      state->hand[currentPlayer][handPos] = state->hand[currentPlayer][ (state->handCount[currentPlayer] - 1)];
        -: 1296:      //set last card to -1
   243618: 1297:      state->hand[currentPlayer][state->handCount[currentPlayer] - 1] = -1;
        -: 1298:      //reduce number of cards in hand
   243618: 1299:      state->handCount[currentPlayer]--;
        -: 1300:    }
        -: 1301:
   246920: 1302:  return 0;
        -: 1303:}
        -: 1304:
function gainCard called 0 returned 0% blocks executed 0%
    #####: 1305:int gainCard(int supplyPos, struct gameState *state, int toFlag, int player)
        -: 1306:{
        -: 1307:  //Note: supplyPos is enum of choosen card
        -: 1308:
        -: 1309:  //check if supply pile is empty (0) or card is not used in game (-1)
    #####: 1310:  if ( supplyCount(supplyPos, state) < 1 )
call    0 never executed
branch  1 never executed
branch  2 never executed
        -: 1311:    {
    #####: 1312:      return -1;
        -: 1313:    }
        -: 1314:
        -: 1315:  //added card for [whoseTurn] current player:
        -: 1316:  // toFlag = 0 : add to discard
        -: 1317:  // toFlag = 1 : add to deck
        -: 1318:  // toFlag = 2 : add to hand
        -: 1319:
    #####: 1320:  if (toFlag == 1)
branch  0 never executed
branch  1 never executed
        -: 1321:    {
    #####: 1322:      state->deck[ player ][ state->deckCount[player] ] = supplyPos;
    #####: 1323:      state->deckCount[player]++;
        -: 1324:    }
    #####: 1325:  else if (toFlag == 2)
branch  0 never executed
branch  1 never executed
        -: 1326:    {
    #####: 1327:      state->hand[ player ][ state->handCount[player] ] = supplyPos;
    #####: 1328:      state->handCount[player]++;
        -: 1329:    }
        -: 1330:  else
        -: 1331:    {
    #####: 1332:      state->discard[player][ state->discardCount[player] ] = supplyPos;
    #####: 1333:      state->discardCount[player]++;
        -: 1334:    }
        -: 1335:
        -: 1336:  //decrease number in supply pile
    #####: 1337:  state->supplyCount[supplyPos]--;
        -: 1338:
    #####: 1339:  return 0;
        -: 1340:}
        -: 1341:
function updateCoins called 246926 returned 100% blocks executed 100%
   246926: 1342:int updateCoins(int player, struct gameState *state, int bonus)
        -: 1343:{
        -: 1344:  int i;
        -: 1345:
        -: 1346:  //reset coin count
   246926: 1347:  state->coins = 0;
        -: 1348:
        -: 1349:  //add coins for each Treasure card in player's hand
  1481556: 1350:  for (i = 0; i < state->handCount[player]; i++)
branch  0 taken 83%
branch  1 taken 17% (fallthrough)
        -: 1351:    {
  1234630: 1352:      if (state->hand[player][i] == copper)
branch  0 taken 80% (fallthrough)
branch  1 taken 20%
        -: 1353:	{
   987699: 1354:	  state->coins += 1;
        -: 1355:	}
   246931: 1356:      else if (state->hand[player][i] == silver)
branch  0 taken 1% (fallthrough)
branch  1 taken 99%
        -: 1357:	{
        2: 1358:	  state->coins += 2;
        -: 1359:	}
   246929: 1360:      else if (state->hand[player][i] == gold)
branch  0 taken 1% (fallthrough)
branch  1 taken 99%
        -: 1361:	{
        1: 1362:	  state->coins += 3;
        -: 1363:	}
        -: 1364:    }
        -: 1365:
        -: 1366:  //add bonus
   246926: 1367:  state->coins += bonus;
        -: 1368:
   246926: 1369:  return 0;
        -: 1370:}
        -: 1371:
        -: 1372:
        -: 1373://end of dominion.c
